Mobile Computing Lab (Android Studio)/Sample/app/build/intermediates/manifest_merge_blame_file/debug/manifest-merger-blame-debug-report.txt
1<?xml version="1.0" encoding="utf-8"?>
2<manifest xmlns:android="http://schemas.android.com/apk/res/android"
3    package="com.example.sample"
4    android:versionCode="1"
5    android:versionName="1.0" >
6
7    <uses-sdk
8        android:minSdkVersion="24"
9        android:targetSdkVersion="34" />
10
11    <uses-feature
11-->src\main\AndroidManifest.xml:5:5-7:36
12        android:name="android.hardware.telephony"
12-->src\main\AndroidManifest.xml:6:9-50
13        android:required="false" />
13-->src\main\AndroidManifest.xml:7:9-33
14
15    <uses-permission android:name="android.permission.POST_NOTIFICATIONS" />
15-->src\main\AndroidManifest.xml:9:5-77
15-->src\main\AndroidManifest.xml:9:22-74
16    <uses-permission android:name="android.permission.SEND_SMS" />
16-->src\main\AndroidManifest.xml:10:5-67
16-->src\main\AndroidManifest.xml:10:22-64
17    <uses-permission android:name="android.permission.BROADCAST_SMS" />
17-->src\main\AndroidManifest.xml:11:5-13:47
17-->src\main\AndroidManifest.xml:12:9-56
18    <uses-permission android:name="android.permission.READ_SMS" />
18-->src\main\AndroidManifest.xml:14:5-67
18-->src\main\AndroidManifest.xml:14:22-64
19    <uses-permission android:name="android.permission.RECEIVE_SMS" />
19-->src\main\AndroidManifest.xml:15:5-70
19-->src\main\AndroidManifest.xml:15:22-67
20    <uses-permission android:name="android.permission.INTERNET" />
20-->src\main\AndroidManifest.xml:16:5-67
20-->src\main\AndroidManifest.xml:16:22-64
21    <uses-permission android:name="android.permission.WAKE_LOCK" />
21-->src\main\AndroidManifest.xml:17:5-68
21-->src\main\AndroidManifest.xml:17:22-65
22    <uses-permission android:name="android.permission.RECEIVE_BOOT_COMPLETED" />
22-->src\main\AndroidManifest.xml:18:5-81
22-->src\main\AndroidManifest.xml:18:22-78
23
24    <application
24-->src\main\AndroidManifest.xml:20:5-48:19
25        android:allowBackup="true"
25-->src\main\AndroidManifest.xml:21:9-35
26        android:appComponentFactory="androidx.core.app.CoreComponentFactory"
26-->[androidx.core:core:1.7.0] AndroidManifest.xml:24:18-86
27        android:dataExtractionRules="@xml/data_extraction_rules"
27-->src\main\AndroidManifest.xml:22:9-65
28        android:debuggable="true"
29        android:extractNativeLibs="false"
30        android:fullBackupContent="@xml/backup_rules"
30-->src\main\AndroidManifest.xml:23:9-54
31        android:icon="@mipmap/ic_launcher"
31-->src\main\AndroidManifest.xml:24:9-43
32        android:label="@string/app_name"
32-->src\main\AndroidManifest.xml:25:9-41
33        android:roundIcon="@mipmap/ic_launcher_round"
33-->src\main\AndroidManifest.xml:26:9-54
34        android:supportsRtl="true"
34-->src\main\AndroidManifest.xml:27:9-35
35        android:testOnly="true"
36        android:theme="@style/Theme.Sample" >
36-->src\main\AndroidManifest.xml:28:9-44
37        <receiver
37-->src\main\AndroidManifest.xml:30:9-37:20
38            android:name="com.example.sample.SmsReceiver"
38-->src\main\AndroidManifest.xml:31:13-40
39            android:enabled="true"
39-->src\main\AndroidManifest.xml:32:13-35
40            android:exported="true" >
40-->src\main\AndroidManifest.xml:33:13-36
41            <intent-filter>
41-->src\main\AndroidManifest.xml:34:13-36:29
42                <action android:name="android.provider.Telephony.SMS_RECEIVED" />
42-->src\main\AndroidManifest.xml:35:17-81
42-->src\main\AndroidManifest.xml:35:25-79
43            </intent-filter>
44        </receiver>
45
46        <activity
46-->src\main\AndroidManifest.xml:39:9-47:20
47            android:name="com.example.sample.MainActivity"
47-->src\main\AndroidManifest.xml:40:13-41
48            android:exported="true" >
48-->src\main\AndroidManifest.xml:41:13-36
49            <intent-filter>
49-->src\main\AndroidManifest.xml:42:13-46:29
50                <action android:name="android.intent.action.MAIN" />
50-->src\main\AndroidManifest.xml:43:17-69
50-->src\main\AndroidManifest.xml:43:25-66
51
52                <category android:name="android.intent.category.LAUNCHER" />
52-->src\main\AndroidManifest.xml:45:17-77
52-->src\main\AndroidManifest.xml:45:27-74
53            </intent-filter>
54        </activity>
55
56        <provider
56-->[androidx.emoji2:emoji2:1.0.0] AndroidManifest.xml:26:9-34:20
57            android:name="androidx.startup.InitializationProvider"
57-->[androidx.emoji2:emoji2:1.0.0] AndroidManifest.xml:27:13-67
58            android:authorities="com.example.sample.androidx-startup"
58-->[androidx.emoji2:emoji2:1.0.0] AndroidManifest.xml:28:13-68
59            android:exported="false" >
59-->[androidx.emoji2:emoji2:1.0.0] AndroidManifest.xml:29:13-37
60            <meta-data
60-->[androidx.emoji2:emoji2:1.0.0] AndroidManifest.xml:31:13-33:52
61                android:name="androidx.emoji2.text.EmojiCompatInitializer"
61-->[androidx.emoji2:emoji2:1.0.0] AndroidManifest.xml:32:17-75
62                android:value="androidx.startup" />
62-->[androidx.emoji2:emoji2:1.0.0] AndroidManifest.xml:33:17-49
63            <meta-data
63-->[androidx.lifecycle:lifecycle-process:2.4.0] AndroidManifest.xml:31:13-33:52
64                android:name="androidx.lifecycle.ProcessLifecycleInitializer"
64-->[androidx.lifecycle:lifecycle-process:2.4.0] AndroidManifest.xml:32:17-78
65                android:value="androidx.startup" />
65-->[androidx.lifecycle:lifecycle-process:2.4.0] AndroidManifest.xml:33:17-49
66        </provider>
67    </application>
68
69</manifest>